This is pdfTeX, Version 3.1415926-2.3-1.40.12 (MiKTeX 2.9) (preloaded format=pdftex 2014.3.12)  17 APR 2014 16:05
entering extended mode
**E:/研究生学习相关/研究生后续学习/icpr文章相关/icpr_DSRtrack
er/ref.bib

(E:/研究生学习相关/研究生后续学习/icpr文章相关/icpr_DSRtracke
r/ref.bib
! Missing $ inserted.
<inserted text> 
                $
<to be read again> 
                   _
l.81   journal       = IEEE_
                            J_PAMI,
? 
! Emergency stop.
<inserted text> 
                $
<to be read again> 
                   _
l.81   journal       = IEEE_
                            J_PAMI,
End of file on the terminal!

!  ==> Fatal error occurred, no output PDF file produced!
